TN:
SF:script/Counter.s.sol
FN:7,CounterScript.setUp
FNDA:0,CounterScript.setUp
FN:9,CounterScript.run
FNDA:0,CounterScript.run
DA:10,0
FNF:2
FNH:0
LF:1
LH:0
BRF:0
BRH:0
end_of_record
TN:
SF:src/Bridge.sol
FN:18,Bridge.bridgeIn
FNDA:1,Bridge.bridgeIn
DA:22,1
DA:23,1
DA:25,1
FN:35,Bridge.bridgeOut
FNDA:1,Bridge.bridgeOut
DA:40,1
DA:41,1
DA:43,1
FN:51,Bridge.supportNewToken
FNDA:5,Bridge.supportNewToken
DA:52,5
BRDA:52,0,0,1
BRDA:52,0,1,4
DA:53,4
FN:62,Bridge.addReserve
FNDA:3,Bridge.addReserve
DA:66,3
DA:67,3
FNF:4
FNH:4
LF:10
LH:10
BRF:2
BRH:2
end_of_record
TN:
SF:src/BridgeSwap.sol
FN:23,BridgeSwap.Initialize
FNDA:1,BridgeSwap.Initialize
DA:24,0
DA:25,0
FN:38,BridgeSwap.poolTotalAmount
FNDA:2,BridgeSwap.poolTotalAmount
DA:39,2
FN:51,BridgeSwap.getPoolInfo
FNDA:3,BridgeSwap.getPoolInfo
DA:64,3
BRDA:64,0,0,1
BRDA:64,0,1,2
DA:65,2
DA:66,2
DA:67,2
FN:80,BridgeSwap.calculateAmountOut
FNDA:4,BridgeSwap.calculateAmountOut
DA:84,4
BRDA:84,1,0,1
BRDA:84,1,1,3
DA:85,3
DA:86,3
DA:88,3
DA:89,3
DA:90,3
DA:92,3
BRDA:92,2,0,1
BRDA:92,2,1,2
DA:94,2
DA:95,2
DA:97,2
DA:98,2
DA:100,2
DA:108,2
DA:111,2
FN:123,BridgeSwap.addLiquidity
FNDA:16,BridgeSwap.addLiquidity
DA:130,15
DA:131,15
DA:133,15
DA:138,15
DA:145,15
BRDA:145,3,0,-
BRDA:145,3,1,2
DA:146,2
DA:148,2
DA:149,2
DA:151,2
DA:152,2
DA:154,2
DA:158,2
DA:159,2
DA:161,2
DA:163,13
DA:164,13
DA:166,13
DA:168,13
DA:170,13
DA:177,13
DA:179,13
DA:180,13
DA:182,15
FN:193,BridgeSwap.swapIn
FNDA:6,BridgeSwap.swapIn
DA:198,6
DA:199,6
DA:200,4
BRDA:200,4,0,1
BRDA:200,4,1,3
DA:201,1
DA:203,3
FN:213,BridgeSwap.swapOut
FNDA:1,BridgeSwap.swapOut
DA:218,1
DA:219,1
DA:220,1
DA:221,1
DA:223,1
FN:231,BridgeSwap._swap
FNDA:7,BridgeSwap._swap
DA:235,7
BRDA:235,5,0,1
BRDA:235,5,1,6
DA:236,6
DA:237,6
DA:239,6
DA:240,6
DA:241,6
DA:243,6
BRDA:243,6,0,1
BRDA:243,6,1,5
DA:245,5
DA:246,5
DA:248,5
DA:249,5
DA:250,5
DA:252,5
BRDA:252,7,0,-
BRDA:252,7,1,1
DA:253,1
DA:258,1
DA:259,1
DA:261,4
DA:266,4
DA:267,4
DA:269,5
FN:280,BridgeSwap.removeLiquidity
FNDA:2,BridgeSwap.removeLiquidity
DA:290,2
BRDA:290,8,0,1
BRDA:290,8,1,1
DA:291,1
DA:293,1
DA:294,1
DA:295,1
DA:296,1
DA:297,1
DA:298,1
DA:300,1
DA:302,1
DA:303,1
DA:305,1
FNF:9
FNH:9
LF:86
LH:84
BRF:18
BRH:16
end_of_record
TN:
SF:src/Counter.sol
FN:7,Counter.setNumber
FNDA:256,Counter.setNumber
DA:8,256
FN:11,Counter.increment
FNDA:1,Counter.increment
DA:12,1
FNF:2
FNH:2
LF:2
LH:2
BRF:0
BRH:0
end_of_record
TN:
SF:src/TestToken.sol
FN:11,TestToken.mint
FNDA:0,TestToken.mint
DA:12,0
FN:15,TestToken.burn
FNDA:0,TestToken.burn
DA:16,0
FNF:2
FNH:0
LF:2
LH:0
BRF:0
BRH:0
end_of_record
TN:
SF:src/libraries/BridgeSwapLibrary.sol
FN:8,BridgeSwapLibrary.getAmountOut
FNDA:7,BridgeSwapLibrary.getAmountOut
DA:13,7
BRDA:13,0,0,-
BRDA:13,0,1,7
DA:14,7
BRDA:14,1,0,-
BRDA:14,1,1,7
DA:15,7
FN:18,BridgeSwapLibrary.sortTokenWithAmount
FNDA:15,BridgeSwapLibrary.sortTokenWithAmount
DA:33,15
BRDA:33,2,0,1
BRDA:33,2,1,14
DA:34,1
DA:36,14
FNF:2
FNH:2
LF:6
LH:6
BRF:6
BRH:4
end_of_record
